#
# A fatal error has been detected by the Java Runtime Environment:
#
#  SIGSEGV (0xb) at pc=0x00007fff977a58f2, pid=15942, tid=1811
#
# JRE version: Java(TM) SE Runtime Environment (8.0_25-b17) (build 1.8.0_25-b17)
# Java VM: Java HotSpot(TM) 64-Bit Server VM (25.25-b02 mixed mode bsd-amd64 compressed oops)
# Problematic frame:
# C  [libGPUSupportMercury.dylib+0xb8f2]  gldAttachDrawable+0x60
#
# Failed to write core dump. Core dumps have been disabled. To enable core dumping, try "ulimit -c unlimited" before starting Java again
#
# If you would like to submit a bug report, please visit:
#   http://bugreport.sun.com/bugreport/crash.jsp
# The crash happened outside the Java Virtual Machine in native code.
# See problematic frame for where to report the bug.
#

---------------  T H R E A D  ---------------

Current thread (0x00007fbf290d8000):  JavaThread "AppKit Thread" daemon [_thread_in_native, id=1811, stack(0x00007fff5eabe000,0x00007fff5f2be000)]

siginfo: si_signo: 11 (SIGSEGV), si_code: 0 (unknown), si_addr: 0x0000000000000000

Registers:
RAX=0xa000000000000000, RBX=0x000000000000271e, RCX=0x0000000000000000, RDX=0x00007fbf2b3943a8
RSP=0x00007fff5f2b77f0, RBP=0x00007fff5f2b78f0, RSI=0x0000000000000050, RDI=0x00007fff7adb6070
R8 =0x00007fbf2e009e60, R9 =0x00007fbf2d800000, R10=0x000000000000003c, R11=0x0000000000000206
R12=0x0000000000002718, R13=0x00007fbf2c122800, R14=0x0000000000000050, R15=0x0000000000000000
RIP=0x00007fff977a58f2, EFLAGS=0x0000000000010212, ERR=0x0000000000000000
  TRAPNO=0x000000000000000d

Top of Stack: (sp=0x00007fff5f2b77f0)
0x00007fff5f2b77f0:   00007fff5f2b7864 00007fbf28e234e0
0x00007fff5f2b7800:   ffffffffffffffff 0000206000000040
0x00007fff5f2b7810:   00007fbf28e234f8 00007fff9131069f
0x00007fff5f2b7820:   0000000000000000 a000000000000000
0x00007fff5f2b7830:   0000000300000003 00007fff5f2b7978
0x00007fff5f2b7840:   00007fff5f2b7904 000000000004a053
0x00007fff5f2b7850:   00007fff5f2b78fc 00007fff5f2b7900
0x00007fff5f2b7860:   00007fff5f2b78e0 00007fff8e4a7df0
0x00007fff5f2b7870:   0000000000000000 00000000000041e0
0x00007fff5f2b7880:   0000003400001200 0000040b00000000
0x00007fff5f2b7890:   00007fff5f2b78c0 00007fff8e45a13e
0x00007fff5f2b78a0:   00007fff5f2b7938 00000000000041e0
0x00007fff5f2b78b0:   00007fff5f2b78f0 0000000046ff8e4c
0x00007fff5f2b78c0:   e600bcd479a01664 00007fbf2e000000
0x00007fff5f2b78d0:   0000000000002718 0000000000000000
0x00007fff5f2b78e0:   0000000000000050 0000000000000000
0x00007fff5f2b78f0:   00007fff5f2b7940 00007fff8c90f7e4
0x00007fff5f2b7900:   00007fbf2e009e60 0000000000000000
0x00007fff5f2b7910:   00007fbf2b3943a8 00007fbf2b350a20
0x00007fff5f2b7920:   0000000000000000 00007fbf2c120750
0x00007fff5f2b7930:   00007fbf2c11e800 00007fff7adb6070
0x00007fff5f2b7940:   00007fff5f2b7a30 00007fff8bef27ac
0x00007fff5f2b7950:   408c200000000000 4074000000000000
0x00007fff5f2b7960:   4060000000000000 4089000000000000
0x00007fff5f2b7970:   4083700000000000 0000000000000000
0x00007fff5f2b7980:   4036000000000000 4089000000000000
0x00007fff5f2b7990:   4082c00000000000 0000000000000000
0x00007fff5f2b79a0:   0000000000000000 0000000000000001
0x00007fff5f2b79b0:   00007fbf2b3943a8 0000000000000001
0x00007fff5f2b79c0:   00007fff5f2b7a30 00007fff8bef764c
0x00007fff5f2b79d0:   0000000100000003 00007fbf2c120750
0x00007fff5f2b79e0:   00007fbf2c120688 000000028edbffff 

Instructions: (pc=0x00007fff977a58f2)
0x00007fff977a58d2:   48 85 d2 b8 01 00 00 00 bb 15 27 00 00 0f 44 d8
0x00007fff977a58e2:   e9 7f 01 00 00 49 8b 45 08 48 89 85 38 ff ff ff
0x00007fff977a58f2:   48 8b 00 48 89 85 30 ff ff ff 83 fe 4f 0f 8f fd
0x00007fff977a5902:   00 00 00 48 89 d0 bb 15 27 00 00 83 fe 35 0f 84 

Register to memory mapping:

RAX=0xa000000000000000 is an unknown value
RBX=0x000000000000271e is an unknown value
RCX=0x0000000000000000 is an unknown value
RDX=0x00007fbf2b3943a8 is an unknown value
RSP=0x00007fff5f2b77f0 is pointing into the stack for thread: 0x00007fbf290d8000
RBP=0x00007fff5f2b78f0 is pointing into the stack for thread: 0x00007fbf290d8000
RSI=0x0000000000000050 is an unknown value
RDI=0x00007fff7adb6070: __stack_chk_guard+0 in /usr/lib/system/libsystem_c.dylib at 0x00007fff90b0e000
R8 =0x00007fbf2e009e60 is an unknown value
R9 =0x00007fbf2d800000 is an unknown value
R10=0x000000000000003c is an unknown value
R11=0x0000000000000206 is an unknown value
R12=0x0000000000002718 is an unknown value
R13=0x00007fbf2c122800 is an unknown value
R14=0x0000000000000050 is an unknown value
R15=0x0000000000000000 is an unknown value


Stack: [0x00007fff5eabe000,0x00007fff5f2be000],  sp=0x00007fff5f2b77f0,  free space=8165k
Native frames: (J=compiled Java code, j=interpreted, Vv=VM code, C=native code)
C  [libGPUSupportMercury.dylib+0xb8f2]  gldAttachDrawable+0x60
C  [GLEngine+0x167e4]  gliAttachDrawableWithOptions+0x101
C  [OpenGL+0x37ac]  glcGetIOAccelService+0xe03
C  [OpenGL+0x73f3]  CGLSetPBuffer+0xb90
C  [OpenGL+0x7716]  CGLSetSurface+0x124
C  [AppKit+0x57bfe7]  NSOpenGLContextAttachOnScreenViewSurface+0x109
C  [AppKit+0x2c67fb]  -[NSOpenGLContext setView:]+0x83
C  [liblwjgl.jnilib+0x9f3e]  -[MacOSXOpenGLView lockFocus]+0x6e
C  [AppKit+0x14e8c5]  -[NSView _recursiveDisplayRectIfNeededIgnoringOpacity:isVisibleRect:rectIsVisibleRectForView:topView:]+0x740
C  [AppKit+0x14f920]  -[NSView _recursiveDisplayRectIfNeededIgnoringOpacity:isVisibleRect:rectIsVisibleRectForView:topView:]+0x179b
C  [AppKit+0x14dc73]  -[NSThemeFrame _recursiveDisplayRectIfNeededIgnoringOpacity:isVisibleRect:rectIsVisibleRectForView:topView:]+0x14d
C  [AppKit+0x14a7cb]  -[NSView _displayRectIgnoringOpacity:isVisibleRect:rectIsVisibleRectForView:]+0xac9
C  [AppKit+0x1291ca]  -[NSView displayIfNeeded]+0x754
C  [AppKit+0x1466c5]  -[NSWindow displayIfNeeded]+0xe8
C  [AppKit+0x1838c2]  _handleWindowNeedsDisplayOrLayoutOrUpdateConstraints+0x3a8
C  [Foundation+0x67023]  __NSFireTimer+0x5f
C  [CoreFoundation+0xb5b44]  __CFRUNLOOP_IS_CALLING_OUT_TO_A_TIMER_CALLBACK_FUNCTION__+0x14
C  [CoreFoundation+0xb57d3]  __CFRunLoopDoTimer+0x423
C  [CoreFoundation+0x128d9d]  __CFRunLoopDoTimers+0x12d
C  [CoreFoundation+0x72268]  __CFRunLoopRun+0x7e8
C  [CoreFoundation+0x71838]  CFRunLoopRunSpecific+0x128
C  [HIToolbox+0x2e43f]  RunCurrentEventLoopInMode+0xeb
C  [HIToolbox+0x2e1ba]  ReceiveNextEventCommon+0x1af
C  [HIToolbox+0x2dffb]  _BlockUntilNextEventMatchingListInModeWithFilter+0x47
C  [AppKit+0x24821]  _DPSNextEvent+0x3c4
C  [AppKit+0x23fd0]  -[NSApplication nextEventMatchingMask:untilDate:inMode:dequeue:]+0xc2
C  [libosxapp.dylib+0x242a]  -[NSApplicationAWT nextEventMatchingMask:untilDate:inMode:dequeue:]+0x7c
C  [AppKit+0x17f73]  -[NSApplication run]+0x252
C  [libosxapp.dylib+0x223e]  +[NSApplicationAWT runAWTLoopWithApp:]+0x9c
C  [libawt_lwawt.dylib+0x4494f]  -[AWTStarter starter:]+0x389
C  [Foundation+0x65f4c]  __NSThreadPerformPerform+0x125
C  [CoreFoundation+0x80661]  __CFRUNLOOP_IS_CALLING_OUT_TO_A_SOURCE0_PERFORM_FUNCTION__+0x11
C  [CoreFoundation+0x727ed]  __CFRunLoopDoSources0+0x10d
C  [CoreFoundation+0x71e1f]  __CFRunLoopRun+0x39f
C  [CoreFoundation+0x71838]  CFRunLoopRunSpecific+0x128
C  [java+0x56cc]  CreateExecutionEnvironment+0x367
C  [java+0x165c]  JLI_Launch+0x7a0
C  [java+0x768a]  main+0x65
C  [java+0xeb4]  start+0x34
C  0x0000000000000006


---------------  P R O C E S S  ---------------

Java Threads: ( => current thread )
  0x00007fbf290da000 JavaThread "AWT-Shutdown" [_thread_blocked, id=30739, stack(0x0000000121b36000,0x0000000121c36000)]
=>0x00007fbf290d8000 JavaThread "AppKit Thread" daemon [_thread_in_native, id=1811, stack(0x00007fff5eabe000,0x00007fff5f2be000)]
  0x00007fbf2a004800 JavaThread "Service Thread" daemon [_thread_blocked, id=20739, stack(0x00000001203f6000,0x00000001204f6000)]
  0x00007fbf29033800 JavaThread "C1 CompilerThread3" daemon [_thread_blocked, id=20227, stack(0x00000001202f3000,0x00000001203f3000)]
  0x00007fbf2c004800 JavaThread "C2 CompilerThread2" daemon [_thread_blocked, id=19715, stack(0x00000001201f0000,0x00000001202f0000)]
  0x00007fbf2c004000 JavaThread "C2 CompilerThread1" daemon [_thread_blocked, id=19203, stack(0x00000001200ed000,0x00000001201ed000)]
  0x00007fbf2c002000 JavaThread "C2 CompilerThread0" daemon [_thread_blocked, id=18691, stack(0x000000011ffea000,0x00000001200ea000)]
  0x00007fbf2c010000 JavaThread "Signal Dispatcher" daemon [_thread_blocked, id=15127, stack(0x000000011fee7000,0x000000011ffe7000)]
  0x00007fbf2902b800 JavaThread "Finalizer" daemon [_thread_blocked, id=13571, stack(0x000000011e59d000,0x000000011e69d000)]
  0x00007fbf29826800 JavaThread "Reference Handler" daemon [_thread_blocked, id=13059, stack(0x000000011e49a000,0x000000011e59a000)]
  0x00007fbf2900b800 JavaThread "main" [_thread_in_native, id=4867, stack(0x0000000100a58000,0x0000000100b58000)]

Other Threads:
  0x00007fbf29822000 VMThread [stack: 0x000000011e397000,0x000000011e497000] [id=12547]
  0x00007fbf2a04f000 WatcherThread [stack: 0x00000001204f9000,0x00000001205f9000] [id=21251]

VM state:not at safepoint (normal execution)

VM Mutex/Monitor currently owned by a thread: None

Heap:
 PSYoungGen      total 76288K, used 18354K [0x000000076ab00000, 0x0000000770000000, 0x00000007c0000000)
  eden space 65536K, 28% used [0x000000076ab00000,0x000000076bcecb40,0x000000076eb00000)
  from space 10752K, 0% used [0x000000076f580000,0x000000076f580000,0x0000000770000000)
  to   space 10752K, 0% used [0x000000076eb00000,0x000000076eb00000,0x000000076f580000)
 ParOldGen       total 175104K, used 0K [0x00000006c0000000, 0x00000006cab00000, 0x000000076ab00000)
  object space 175104K, 0% used [0x00000006c0000000,0x00000006c0000000,0x00000006cab00000)
 Metaspace       used 8476K, capacity 8641K, committed 8960K, reserved 1056768K
  class space    used 855K, capacity 919K, committed 1024K, reserved 1048576K

Card table byte_map: [0x0000000111edc000,0x00000001126dd000] byte_map_base: 0x000000010e8dc000

Marking Bits: (ParMarkBitMap*) 0x000000010249d390
 Begin Bits: [0x000000011344b000, 0x000000011744b000)
 End Bits:   [0x000000011744b000, 0x000000011b44b000)

Polling page: 0x0000000100b9c000

CodeCache: size=245760Kb used=3425Kb max_used=3437Kb free=242334Kb
 bounds [0x0000000102b1c000, 0x0000000102e7c000, 0x0000000111b1c000]
 total_blobs=1320 nmethods=907 adapters=328
 compilation: enabled

Compilation events (10 events):
Event: 18.796 Thread 0x00007fbf29033800  902       3       java.nio.Bits::int1 (6 bytes)
Event: 18.797 Thread 0x00007fbf29033800 nmethod 902 0x0000000102e75890 code [0x0000000102e759e0, 0x0000000102e75b10]
Event: 18.797 Thread 0x00007fbf29033800  903       3       java.nio.Bits::int0 (3 bytes)
Event: 18.797 Thread 0x00007fbf29033800 nmethod 903 0x0000000102e75590 code [0x0000000102e756e0, 0x0000000102e75810]
Event: 18.813 Thread 0x00007fbf29033800  905       3       java.nio.HeapByteBuffer::put (16 bytes)
Event: 18.813 Thread 0x00007fbf29033800 nmethod 905 0x0000000102e74e90 code [0x0000000102e75020, 0x0000000102e753c8]
Event: 18.824 Thread 0x00007fbf29033800  906       3       java.nio.Bits::makeInt (29 bytes)
Event: 18.825 Thread 0x00007fbf29033800 nmethod 906 0x0000000102e74b50 code [0x0000000102e74ca0, 0x0000000102e74df0]
Event: 19.324 Thread 0x00007fbf2c002000  907       4       java.util.HashMap$HashIterator::<init> (79 bytes)
Event: 19.330 Thread 0x00007fbf2c002000 nmethod 907 0x0000000102e74650 code [0x0000000102e747a0, 0x0000000102e74a38]

GC Heap History (0 events):
No events

Deoptimization events (0 events):
No events

Internal exceptions (10 events):
Event: 0.737 Thread 0x00007fbf2900b800 Exception <a 'java/security/PrivilegedActionException'> (0x000000076ba76ac8) thrown at [/HUDSON3/workspace/8-2-build-macosx-x86_64/jdk8u25/1514/hotspot/src/share/vm/prims/jvm.cpp, line 1312]
Event: 0.747 Thread 0x00007fbf2900b800 Exception <a 'java/security/PrivilegedActionException'> (0x000000076baa1b98) thrown at [/HUDSON3/workspace/8-2-build-macosx-x86_64/jdk8u25/1514/hotspot/src/share/vm/prims/jvm.cpp, line 1312]
Event: 0.819 Thread 0x00007fbf2900b800 Exception <a 'java/security/PrivilegedActionException'> (0x000000076bb2e528) thrown at [/HUDSON3/workspace/8-2-build-macosx-x86_64/jdk8u25/1514/hotspot/src/share/vm/prims/jvm.cpp, line 1312]
Event: 0.841 Thread 0x00007fbf2900b800 Exception <a 'java/security/PrivilegedActionException'> (0x000000076bba9058) thrown at [/HUDSON3/workspace/8-2-build-macosx-x86_64/jdk8u25/1514/hotspot/src/share/vm/prims/jvm.cpp, line 1312]
Event: 0.866 Thread 0x00007fbf2900b800 Exception <a 'java/security/PrivilegedActionException'> (0x000000076bc55210) thrown at [/HUDSON3/workspace/8-2-build-macosx-x86_64/jdk8u25/1514/hotspot/src/share/vm/prims/jvm.cpp, line 1312]
Event: 0.869 Thread 0x00007fbf2900b800 Exception <a 'java/security/PrivilegedActionException'> (0x000000076bc5d648) thrown at [/HUDSON3/workspace/8-2-build-macosx-x86_64/jdk8u25/1514/hotspot/src/share/vm/prims/jvm.cpp, line 1312]
Event: 0.870 Thread 0x00007fbf2900b800 Exception <a 'java/security/PrivilegedActionException'> (0x000000076bc61b80) thrown at [/HUDSON3/workspace/8-2-build-macosx-x86_64/jdk8u25/1514/hotspot/src/share/vm/prims/jvm.cpp, line 1312]
Event: 0.870 Thread 0x00007fbf2900b800 Exception <a 'java/security/PrivilegedActionException'> (0x000000076bc66b38) thrown at [/HUDSON3/workspace/8-2-build-macosx-x86_64/jdk8u25/1514/hotspot/src/share/vm/prims/jvm.cpp, line 1312]
Event: 0.923 Thread 0x00007fbf2900b800 Exception <a 'java/security/PrivilegedActionException'> (0x000000076bc6bfe0) thrown at [/HUDSON3/workspace/8-2-build-macosx-x86_64/jdk8u25/1514/hotspot/src/share/vm/prims/jvm.cpp, line 1312]
Event: 0.924 Thread 0x00007fbf2900b800 Exception <a 'java/security/PrivilegedActionException'> (0x000000076bc717f0) thrown at [/HUDSON3/workspace/8-2-build-macosx-x86_64/jdk8u25/1514/hotspot/src/share/vm/prims/jvm.cpp, line 1312]

Events (10 events):
Event: 0.924 loading class org/newdawn/slick/state/transition/EmptyTransition
Event: 0.924 loading class org/newdawn/slick/state/transition/EmptyTransition done
Event: 2.770 Thread 0x00007fbf2900b800 DEOPT PACKING pc=0x0000000102dd71d3 sp=0x0000000100b57600
Event: 2.770 Thread 0x00007fbf2900b800 DEOPT UNPACKING pc=0x0000000102b63373 sp=0x0000000100b57430 mode 0
Event: 4.090 Executing VM operation: EnableBiasedLocking
Event: 4.090 Executing VM operation: EnableBiasedLocking done
Event: 11.191 Thread 0x00007fbf2900b800 DEOPT PACKING pc=0x0000000102de6450 sp=0x0000000100b571f0
Event: 11.192 Thread 0x00007fbf2900b800 DEOPT UNPACKING pc=0x0000000102b63373 sp=0x0000000100b56f98 mode 0
Event: 19.645 loading class org/lwjgl/opengl/CallbackUtil
Event: 19.645 loading class org/lwjgl/opengl/CallbackUtil done


Dynamic libraries:
0x0000000009cb7000 	/System/Library/Frameworks/Cocoa.framework/Versions/A/Cocoa
0x0000000009cb7000 	/System/Library/Frameworks/Security.framework/Versions/A/Security
0x0000000009cb7000 	/System/Library/Frameworks/ApplicationServices.framework/Versions/A/ApplicationServices
0x0000000009cb7000 	/usr/lib/libz.1.dylib
0x0000000009cb7000 	/usr/lib/libSystem.B.dylib
0x0000000009cb7000 	/usr/lib/libobjc.A.dylib
0x0000000009cb7000 	/System/Library/Frameworks/CoreFoundation.framework/Versions/A/CoreFoundation
0x0000000009cb7000 	/System/Library/Frameworks/Foundation.framework/Versions/C/Foundation
0x0000000009cb7000 	/System/Library/Frameworks/AppKit.framework/Versions/C/AppKit
0x0000000009cb7000 	/System/Library/Frameworks/CoreData.framework/Versions/A/CoreData
0x0000000009cb7000 	/System/Library/PrivateFrameworks/RemoteViewServices.framework/Versions/A/RemoteViewServices
0x0000000009cb7000 	/System/Library/PrivateFrameworks/UIFoundation.framework/Versions/A/UIFoundation
0x0000000009cb7000 	/System/Library/Frameworks/IOSurface.framework/Versions/A/IOSurface
0x0000000009cb7000 	/System/Library/Frameworks/AudioToolbox.framework/Versions/A/AudioToolbox
0x0000000009cb7000 	/System/Library/Frameworks/AudioUnit.framework/Versions/A/AudioUnit
0x0000000009cb7000 	/System/Library/PrivateFrameworks/DataDetectorsCore.framework/Versions/A/DataDetectorsCore
0x0000000009cb7000 	/System/Library/PrivateFrameworks/DesktopServicesPriv.framework/Versions/A/DesktopServicesPriv
0x0000000009cb7000 	/System/Library/Frameworks/Carbon.framework/Versions/A/Frameworks/HIToolbox.framework/Versions/A/HIToolbox
0x0000000009cb7000 	/System/Library/Frameworks/QuartzCore.framework/Versions/A/QuartzCore
0x0000000009cb7000 	/System/Library/Frameworks/Carbon.framework/Versions/A/Frameworks/SpeechRecognition.framework/Versions/A/SpeechRecognition
0x0000000009cb7000 	/usr/lib/libauto.dylib
0x0000000009cb7000 	/usr/lib/libicucore.A.dylib
0x0000000009cb7000 	/usr/lib/libxml2.2.dylib
0x0000000009cb7000 	/System/Library/PrivateFrameworks/CoreUI.framework/Versions/A/CoreUI
0x0000000009cb7000 	/System/Library/Frameworks/CoreAudio.framework/Versions/A/CoreAudio
0x0000000009cb7000 	/System/Library/Frameworks/DiskArbitration.framework/Versions/A/DiskArbitration
0x0000000009cb7000 	/usr/lib/liblangid.dylib
0x0000000009cb7000 	/System/Library/PrivateFrameworks/MultitouchSupport.framework/Versions/A/MultitouchSupport
0x0000000009cb7000 	/System/Library/Frameworks/IOKit.framework/Versions/A/IOKit
0x0000000009cb7000 	/usr/lib/libDiagnosticMessagesClient.dylib
0x0000000009cb7000 	/System/Library/Frameworks/CoreServices.framework/Versions/A/CoreServices
0x0000000009cb7000 	/System/Library/PrivateFrameworks/PerformanceAnalysis.framework/Versions/A/PerformanceAnalysis
0x0000000009cb7000 	/System/Library/PrivateFrameworks/GenerationalStorage.framework/Versions/A/GenerationalStorage
0x0000000009cb7000 	/System/Library/Frameworks/OpenGL.framework/Versions/A/OpenGL
0x0000000009cb7000 	/System/Library/PrivateFrameworks/Sharing.framework/Versions/A/Sharing
0x0000000009cb7000 	/System/Library/Frameworks/CoreGraphics.framework/Versions/A/CoreGraphics
0x0000000009cb7000 	/System/Library/Frameworks/CoreText.framework/Versions/A/CoreText
0x0000000009cb7000 	/System/Library/Frameworks/ImageIO.framework/Versions/A/ImageIO
0x0000000009cb7000 	/usr/lib/libextension.dylib
0x0000000009cb7000 	/System/Library/PrivateFrameworks/Backup.framework/Versions/A/Backup
0x0000000009cb7000 	/usr/lib/libarchive.2.dylib
0x0000000009cb7000 	/System/Library/Frameworks/CFNetwork.framework/Versions/A/CFNetwork
0x0000000009cb7000 	/System/Library/Frameworks/SystemConfiguration.framework/Versions/A/SystemConfiguration
0x0000000009cb7000 	/usr/lib/libCRFSuite.dylib
0x0000000009cb7000 	/usr/lib/libc++.1.dylib
0x0000000009cb7000 	/usr/lib/libc++abi.dylib
0x0000000009cb7000 	/usr/lib/system/libcache.dylib
0x0000000009cb7000 	/usr/lib/system/libcommonCrypto.dylib
0x0000000009cb7000 	/usr/lib/system/libcompiler_rt.dylib
0x0000000009cb7000 	/usr/lib/system/libcopyfile.dylib
0x0000000009cb7000 	/usr/lib/system/libcorecrypto.dylib
0x0000000009cb7000 	/usr/lib/system/libdispatch.dylib
0x0000000009cb7000 	/usr/lib/system/libdyld.dylib
0x0000000009cb7000 	/usr/lib/system/libkeymgr.dylib
0x0000000009cb7000 	/usr/lib/system/liblaunch.dylib
0x0000000009cb7000 	/usr/lib/system/libmacho.dylib
0x0000000009cb7000 	/usr/lib/system/libquarantine.dylib
0x0000000009cb7000 	/usr/lib/system/libremovefile.dylib
0x0000000009cb7000 	/usr/lib/system/libsystem_asl.dylib
0x0000000009cb7000 	/usr/lib/system/libsystem_blocks.dylib
0x0000000009cb7000 	/usr/lib/system/libsystem_c.dylib
0x0000000009cb7000 	/usr/lib/system/libsystem_configuration.dylib
0x0000000009cb7000 	/usr/lib/system/libsystem_coreservices.dylib
0x0000000009cb7000 	/usr/lib/system/libsystem_coretls.dylib
0x0000000009cb7000 	/usr/lib/system/libsystem_dnssd.dylib
0x0000000009cb7000 	/usr/lib/system/libsystem_info.dylib
0x0000000009cb7000 	/usr/lib/system/libsystem_kernel.dylib
0x0000000009cb7000 	/usr/lib/system/libsystem_m.dylib
0x0000000009cb7000 	/usr/lib/system/libsystem_malloc.dylib
0x0000000009cb7000 	/usr/lib/system/libsystem_network.dylib
0x0000000009cb7000 	/usr/lib/system/libsystem_networkextension.dylib
0x0000000009cb7000 	/usr/lib/system/libsystem_notify.dylib
0x0000000009cb7000 	/usr/lib/system/libsystem_platform.dylib
0x0000000009cb7000 	/usr/lib/system/libsystem_pthread.dylib
0x0000000009cb7000 	/usr/lib/system/libsystem_sandbox.dylib
0x0000000009cb7000 	/usr/lib/system/libsystem_secinit.dylib
0x0000000009cb7000 	/usr/lib/system/libsystem_stats.dylib
0x0000000009cb7000 	/usr/lib/system/libsystem_trace.dylib
0x0000000009cb7000 	/usr/lib/system/libunc.dylib
0x0000000009cb7000 	/usr/lib/system/libunwind.dylib
0x0000000009cb7000 	/usr/lib/system/libxpc.dylib
0x0000000009cb7000 	/usr/lib/libbz2.1.0.dylib
0x0000000009cb7000 	/usr/lib/liblzma.5.dylib
0x0000000009cb7000 	/usr/lib/libbsm.0.dylib
0x0000000009cb7000 	/usr/lib/libsqlite3.dylib
0x0000000009cb7000 	/usr/lib/system/libkxld.dylib
0x0000000009cb7000 	/usr/lib/libxar.1.dylib
0x0000000009cb7000 	/usr/lib/libpam.2.dylib
0x0000000009cb7000 	/usr/lib/libOpenScriptingUtil.dylib
0x0000000009cb7000 	/System/Library/Frameworks/CoreServices.framework/Versions/A/Frameworks/FSEvents.framework/Versions/A/FSEvents
0x0000000009cb7000 	/System/Library/Frameworks/CoreServices.framework/Versions/A/Frameworks/CarbonCore.framework/Versions/A/CarbonCore
0x0000000009cb7000 	/System/Library/Frameworks/CoreServices.framework/Versions/A/Frameworks/Metadata.framework/Versions/A/Metadata
0x0000000009cb7000 	/System/Library/Frameworks/CoreServices.framework/Versions/A/Frameworks/OSServices.framework/Versions/A/OSServices
0x0000000009cb7000 	/System/Library/Frameworks/CoreServices.framework/Versions/A/Frameworks/SearchKit.framework/Versions/A/SearchKit
0x0000000009cb7000 	/System/Library/Frameworks/CoreServices.framework/Versions/A/Frameworks/AE.framework/Versions/A/AE
0x0000000009cb7000 	/System/Library/Frameworks/CoreServices.framework/Versions/A/Frameworks/LaunchServices.framework/Versions/A/LaunchServices
0x0000000009cb7000 	/System/Library/Frameworks/CoreServices.framework/Versions/A/Frameworks/DictionaryServices.framework/Versions/A/DictionaryServices
0x0000000009cb7000 	/System/Library/Frameworks/NetFS.framework/Versions/A/NetFS
0x0000000009cb7000 	/System/Library/PrivateFrameworks/NetAuth.framework/Versions/A/NetAuth
0x0000000009cb7000 	/System/Library/PrivateFrameworks/login.framework/Versions/A/Frameworks/loginsupport.framework/Versions/A/loginsupport
0x0000000009cb7000 	/System/Library/PrivateFrameworks/TCC.framework/Versions/A/TCC
0x0000000009cb7000 	/usr/lib/libmecabra.dylib
0x0000000009cb7000 	/System/Library/PrivateFrameworks/LanguageModeling.framework/Versions/A/LanguageModeling
0x0000000009cb7000 	/usr/lib/libcmph.dylib
0x0000000009cb7000 	/usr/lib/libiconv.2.dylib
0x0000000009cb7000 	/System/Library/Frameworks/OpenDirectory.framework/Versions/A/Frameworks/CFOpenDirectory.framework/Versions/A/CFOpenDirectory
0x0000000009cb7000 	/System/Library/Frameworks/ServiceManagement.framework/Versions/A/ServiceManagement
0x0000000009cb7000 	/usr/lib/libxslt.1.dylib
0x0000000009cb7000 	/System/Library/Frameworks/Carbon.framework/Versions/A/Frameworks/Ink.framework/Versions/A/Ink
0x0000000009cb7000 	/System/Library/Frameworks/ApplicationServices.framework/Versions/A/Frameworks/ATS.framework/Versions/A/ATS
0x0000000009cb7000 	/System/Library/Frameworks/ApplicationServices.framework/Versions/A/Frameworks/ColorSync.framework/Versions/A/ColorSync
0x0000000009cb7000 	/System/Library/Frameworks/ApplicationServices.framework/Versions/A/Frameworks/HIServices.framework/Versions/A/HIServices
0x0000000009cb7000 	/System/Library/Frameworks/ApplicationServices.framework/Versions/A/Frameworks/LangAnalysis.framework/Versions/A/LangAnalysis
0x0000000009cb7000 	/System/Library/Frameworks/ApplicationServices.framework/Versions/A/Frameworks/PrintCore.framework/Versions/A/PrintCore
0x0000000009cb7000 	/System/Library/Frameworks/ApplicationServices.framework/Versions/A/Frameworks/QD.framework/Versions/A/QD
0x0000000009cb7000 	/System/Library/Frameworks/ApplicationServices.framework/Versions/A/Frameworks/SpeechSynthesis.framework/Versions/A/SpeechSynthesis
0x0000000009cb7000 	/System/Library/Frameworks/Accelerate.framework/Versions/A/Accelerate
0x0000000009cb7000 	/System/Library/Frameworks/Accelerate.framework/Versions/A/Frameworks/vImage.framework/Versions/A/vImage
0x0000000009cb7000 	/System/Library/Frameworks/Accelerate.framework/Versions/A/Frameworks/vecLib.framework/Versions/A/vecLib
0x0000000009cb7000 	/System/Library/Frameworks/Accelerate.framework/Versions/A/Frameworks/vecLib.framework/Versions/A/libvDSP.dylib
0x0000000009cb7000 	/System/Library/Frameworks/Accelerate.framework/Versions/A/Frameworks/vecLib.framework/Versions/A/libvMisc.dylib
0x0000000009cb7000 	/System/Library/Frameworks/Accelerate.framework/Versions/A/Frameworks/vecLib.framework/Versions/A/libLAPACK.dylib
0x0000000009cb7000 	/System/Library/Frameworks/Accelerate.framework/Versions/A/Frameworks/vecLib.framework/Versions/A/libBLAS.dylib
0x0000000009cb7000 	/System/Library/Frameworks/Accelerate.framework/Versions/A/Frameworks/vecLib.framework/Versions/A/libLinearAlgebra.dylib
0x0000000009cb7000 	/System/Library/Frameworks/ApplicationServices.framework/Versions/A/Frameworks/ATS.framework/Versions/A/Resources/libFontParser.dylib
0x0000000009cb7000 	/System/Library/Frameworks/ApplicationServices.framework/Versions/A/Frameworks/ATS.framework/Versions/A/Resources/libFontRegistry.dylib
0x0000000009cb7000 	/System/Library/PrivateFrameworks/AppleVPA.framework/Versions/A/AppleVPA
0x0000000009cb7000 	/System/Library/PrivateFrameworks/AppleJPEG.framework/Versions/A/AppleJPEG
0x0000000009cb7000 	/System/Library/Frameworks/ImageIO.framework/Versions/A/Resources/libJPEG.dylib
0x0000000009cb7000 	/System/Library/Frameworks/ImageIO.framework/Versions/A/Resources/libTIFF.dylib
0x0000000009cb7000 	/System/Library/Frameworks/ImageIO.framework/Versions/A/Resources/libPng.dylib
0x0000000009cb7000 	/System/Library/Frameworks/ImageIO.framework/Versions/A/Resources/libGIF.dylib
0x0000000009cb7000 	/System/Library/Frameworks/ImageIO.framework/Versions/A/Resources/libJP2.dylib
0x0000000009cb7000 	/System/Library/Frameworks/ImageIO.framework/Versions/A/Resources/libRadiance.dylib
0x0000000009cb7000 	/System/Library/Frameworks/CoreVideo.framework/Versions/A/CoreVideo
0x0000000009cb7000 	/System/Library/Frameworks/OpenGL.framework/Versions/A/Libraries/libGLU.dylib
0x0000000009cb7000 	/System/Library/Frameworks/OpenGL.framework/Versions/A/Libraries/libGFXShared.dylib
0x0000000009cb7000 	/System/Library/Frameworks/OpenGL.framework/Versions/A/Libraries/libGL.dylib
0x0000000009cb7000 	/System/Library/Frameworks/OpenGL.framework/Versions/A/Libraries/libGLImage.dylib
0x0000000009cb7000 	/System/Library/Frameworks/OpenGL.framework/Versions/A/Libraries/libCVMSPluginSupport.dylib
0x0000000009cb7000 	/System/Library/Frameworks/OpenGL.framework/Versions/A/Libraries/libCoreVMClient.dylib
0x0000000009cb7000 	/usr/lib/libcups.2.dylib
0x0000000009cb7000 	/System/Library/Frameworks/Kerberos.framework/Versions/A/Kerberos
0x0000000009cb7000 	/System/Library/Frameworks/GSS.framework/Versions/A/GSS
0x0000000009cb7000 	/usr/lib/libresolv.9.dylib
0x0000000009cb7000 	/System/Library/PrivateFrameworks/Heimdal.framework/Versions/A/Heimdal
0x0000000009cb7000 	/usr/lib/libheimdal-asn1.dylib
0x0000000009cb7000 	/System/Library/Frameworks/OpenDirectory.framework/Versions/A/OpenDirectory
0x0000000009cb7000 	/System/Library/PrivateFrameworks/CommonAuth.framework/Versions/A/CommonAuth
0x0000000009cb7000 	/System/Library/Frameworks/SecurityFoundation.framework/Versions/A/SecurityFoundation
0x0000000009cb7000 	/System/Library/Frameworks/QuartzCore.framework/Versions/A/Frameworks/CoreImage.framework/Versions/A/CoreImage
0x0000000009cb7000 	/System/Library/PrivateFrameworks/CrashReporterSupport.framework/Versions/A/CrashReporterSupport
0x0000000009cb7000 	/System/Library/Frameworks/OpenCL.framework/Versions/A/OpenCL
0x0000000009cb7000 	/System/Library/PrivateFrameworks/FaceCore.framework/Versions/A/FaceCore
0x0000000009cb7000 	/System/Library/PrivateFrameworks/Ubiquity.framework/Versions/A/Ubiquity
0x0000000009cb7000 	/System/Library/PrivateFrameworks/IconServices.framework/Versions/A/IconServices
0x0000000009cb7000 	/System/Library/PrivateFrameworks/ChunkingLibrary.framework/Versions/A/ChunkingLibrary
0x0000000009cb7000 	/System/Library/PrivateFrameworks/Apple80211.framework/Versions/A/Apple80211
0x0000000009cb7000 	/System/Library/Frameworks/CoreWLAN.framework/Versions/A/CoreWLAN
0x0000000009cb7000 	/System/Library/Frameworks/IOBluetooth.framework/Versions/A/IOBluetooth
0x0000000009cb7000 	/System/Library/PrivateFrameworks/CoreWiFi.framework/Versions/A/CoreWiFi
0x0000000009cb7000 	/System/Library/Frameworks/CoreBluetooth.framework/Versions/A/CoreBluetooth
0x0000000009cb7000 	/System/Library/PrivateFrameworks/DebugSymbols.framework/Versions/A/DebugSymbols
0x0000000009cb7000 	/System/Library/PrivateFrameworks/CoreSymbolication.framework/Versions/A/CoreSymbolication
0x0000000009cb7000 	/System/Library/PrivateFrameworks/Symbolication.framework/Versions/A/Symbolication
0x0000000009cb7000 	/System/Library/PrivateFrameworks/SpeechRecognitionCore.framework/Versions/A/SpeechRecognitionCore
0x0000000101c00000 	/Library/Java/JavaVirtualMachines/jdk1.8.0_25.jdk/Contents/Home/jre/lib/server/libjvm.dylib
0x0000000009cb7000 	/usr/lib/libstdc++.6.dylib
0x0000000100b5a000 	/Library/Java/JavaVirtualMachines/jdk1.8.0_25.jdk/Contents/Home/jre/lib/libverify.dylib
0x0000000100b68000 	/Library/Java/JavaVirtualMachines/jdk1.8.0_25.jdk/Contents/Home/jre/lib/libjava.dylib
0x0000000100ba6000 	/Library/Java/JavaVirtualMachines/jdk1.8.0_25.jdk/Contents/Home/jre/lib/libzip.dylib
0x000000011e69f000 	/System/Library/Frameworks/JavaVM.framework/Frameworks/JavaRuntimeSupport.framework/JavaRuntimeSupport
0x000000011e6b7000 	/System/Library/Frameworks/JavaVM.framework/Versions/A/Frameworks/JavaNativeFoundation.framework/Versions/A/JavaNativeFoundation
0x000000011e6cc000 	/System/Library/Frameworks/JavaVM.framework/Versions/A/JavaVM
0x0000000009cb7000 	/System/Library/Frameworks/Carbon.framework/Versions/A/Carbon
0x000000011e6d9000 	/System/Library/PrivateFrameworks/JavaLaunching.framework/Versions/A/JavaLaunching
0x0000000009cb7000 	/System/Library/Frameworks/Carbon.framework/Versions/A/Frameworks/CommonPanels.framework/Versions/A/CommonPanels
0x0000000009cb7000 	/System/Library/Frameworks/Carbon.framework/Versions/A/Frameworks/Help.framework/Versions/A/Help
0x0000000009cb7000 	/System/Library/Frameworks/Carbon.framework/Versions/A/Frameworks/ImageCapture.framework/Versions/A/ImageCapture
0x0000000009cb7000 	/System/Library/Frameworks/Carbon.framework/Versions/A/Frameworks/OpenScripting.framework/Versions/A/OpenScripting
0x0000000009cb7000 	/System/Library/Frameworks/Carbon.framework/Versions/A/Frameworks/Print.framework/Versions/A/Print
0x0000000009cb7000 	/System/Library/Frameworks/Carbon.framework/Versions/A/Frameworks/SecurityHI.framework/Versions/A/SecurityHI
0x0000000120659000 	/Library/Java/JavaVirtualMachines/jdk1.8.0_25.jdk/Contents/Home/jre/lib/libawt.dylib
0x0000000120708000 	/Library/Java/JavaVirtualMachines/jdk1.8.0_25.jdk/Contents/Home/jre/lib/./libmlib_image.dylib
0x00000001207d4000 	/Library/Java/JavaVirtualMachines/jdk1.8.0_25.jdk/Contents/Home/jre/lib/libawt_lwawt.dylib
0x0000000120887000 	/Library/Java/JavaVirtualMachines/jdk1.8.0_25.jdk/Contents/Home/jre/lib/./libosxapp.dylib
0x0000000009cb7000 	/System/Library/Frameworks/ExceptionHandling.framework/Versions/A/ExceptionHandling
0x0000000009cb7000 	/System/Library/PrivateFrameworks/CoreServicesInternal.framework/Versions/A/CoreServicesInternal
0x0000000009cb7000 	/System/Library/PrivateFrameworks/CloudDocs.framework/Versions/A/CloudDocs
0x0000000009cb7000 	/System/Library/PrivateFrameworks/CoreDuet.framework/Versions/A/CoreDuet
0x0000000009cb7000 	/System/Library/Frameworks/CloudKit.framework/Versions/A/CloudKit
0x0000000009cb7000 	/System/Library/PrivateFrameworks/ProtocolBuffer.framework/Versions/A/ProtocolBuffer
0x0000000009cb7000 	/System/Library/PrivateFrameworks/CoreDuetDaemonProtocol.framework/Versions/A/CoreDuetDaemonProtocol
0x0000000009cb7000 	/System/Library/PrivateFrameworks/CoreDuetDebugLogging.framework/Versions/A/CoreDuetDebugLogging
0x0000000009cb7000 	/System/Library/Frameworks/CoreLocation.framework/Versions/A/CoreLocation
0x0000000009cb7000 	/System/Library/Frameworks/Accounts.framework/Versions/A/Accounts
0x0000000009cb7000 	/System/Library/PrivateFrameworks/ApplePushService.framework/Versions/A/ApplePushService
0x0000000009cb7000 	/System/Library/PrivateFrameworks/GeoServices.framework/Versions/A/GeoServices
0x0000000009cb7000 	/System/Library/PrivateFrameworks/OAuth.framework/Versions/A/OAuth
0x0000000009cb7000 	/System/Library/PrivateFrameworks/CoreDaemon.framework/Versions/B/CoreDaemon
0x0000000009cb7000 	/usr/lib/libcrypto.0.9.8.dylib
0x0000000009cb7000 	/System/Library/PrivateFrameworks/AppleSRP.framework/Versions/A/AppleSRP
0x0000000009cb7000 	/System/Library/PrivateFrameworks/TrustEvaluationAgent.framework/Versions/A/TrustEvaluationAgent
0x0000000009cb7000 	/System/Library/Frameworks/CoreGraphics.framework/Versions/A/Resources/libCGCMS.A.dylib
0x0000000009cb7000 	/System/Library/Frameworks/CoreGraphics.framework/Versions/A/Resources/libRIP.A.dylib
0x0000000009cb7000 	/System/Library/Frameworks/CoreGraphics.framework/Versions/A/Resources/libCGXType.A.dylib
0x0000000009cb7000 	/System/Library/Frameworks/OpenCL.framework/Versions/A/Libraries/libcldcpuengine.dylib
0x0000000009cb7000 	/System/Library/PrivateFrameworks/DiskImages.framework/Versions/A/DiskImages
0x0000000009cb7000 	/System/Library/Frameworks/DiscRecording.framework/Versions/A/DiscRecording
0x0000000009cb7000 	/usr/lib/libcsfde.dylib
0x0000000009cb7000 	/usr/lib/libcurl.4.dylib
0x0000000009cb7000 	/System/Library/PrivateFrameworks/MediaKit.framework/Versions/A/MediaKit
0x0000000009cb7000 	/System/Library/PrivateFrameworks/ProtectedCloudStorage.framework/Versions/A/ProtectedCloudStorage
0x0000000009cb7000 	/usr/lib/libCoreStorage.dylib
0x0000000009cb7000 	/System/Library/PrivateFrameworks/EFILogin.framework/Versions/A/EFILogin
0x0000000009cb7000 	/usr/lib/libutil.dylib
0x0000000009cb7000 	/System/Library/PrivateFrameworks/FindMyDevice.framework/Versions/A/FindMyDevice
0x0000000009cb7000 	/System/Library/Frameworks/LDAP.framework/Versions/A/LDAP
0x0000000009cb7000 	/usr/lib/libsasl2.2.dylib
0x000000012367e000 	cl_kernels
0x0000000123680000 	/System/Library/Frameworks/OpenCL.framework/Versions/A/Libraries/ImageFormats/unorm8_bgra.dylib
0x0000000123670000 	cl_kernels
0x0000000009cb7000 	/System/Library/PrivateFrameworks/FamilyControls.framework/Versions/A/FamilyControls
0x0000000009cb7000 	/System/Library/PrivateFrameworks/CommerceKit.framework/Versions/A/Frameworks/CommerceCore.framework/Versions/A/CommerceCore
0x0000000009cb7000 	/System/Library/PrivateFrameworks/SystemAdministration.framework/Versions/A/SystemAdministration
0x0000000009cb7000 	/System/Library/PrivateFrameworks/AppContainer.framework/Versions/A/AppContainer
0x0000000009cb7000 	/System/Library/PrivateFrameworks/SecCodeWrapper.framework/Versions/A/SecCodeWrapper
0x0000000009cb7000 	/System/Library/Frameworks/DirectoryService.framework/Versions/A/DirectoryService
0x0000000009cb7000 	/System/Library/PrivateFrameworks/LoginUIKit.framework/Versions/A/Frameworks/LoginUICore.framework/Versions/A/LoginUICore
0x0000000009cb7000 	/usr/lib/libodfde.dylib
0x0000000124b2b000 	/Library/Java/JavaVirtualMachines/jdk1.8.0_25.jdk/Contents/Home/jre/lib/libfontmanager.dylib
0x0000000124b92000 	/Users/andrewbates11/Desktop/Personal Projects/Hive Boy/libraries/native/macosx/liblwjgl.jnilib
0x0000000122ae2000 	/Library/Java/JavaVirtualMachines/jdk1.8.0_25.jdk/Contents/Home/jre/lib/libjawt.dylib
0x0000000009cb7000 	/System/Library/Frameworks/OpenGL.framework/Versions/A/Resources/GLEngine.bundle/GLEngine
0x0000000009cb7000 	/System/Library/Frameworks/OpenGL.framework/Versions/A/Libraries/libGLProgrammability.dylib
0x0000000000000000 	/System/Library/Extensions/AppleIntelHD5000GraphicsGLDriver.bundle/Contents/MacOS/AppleIntelHD5000GraphicsGLDriver
0x0000000009cb7000 	/System/Library/PrivateFrameworks/IOAccelerator.framework/Versions/A/IOAccelerator
0x0000000009cb7000 	/System/Library/PrivateFrameworks/GPUSupport.framework/Versions/A/Libraries/libGPUSupportMercury.dylib
0x0000000009cb7000 	/System/Library/Frameworks/OpenGL.framework/Versions/A/Resources/GLRendererFloat.bundle/GLRendererFloat
0x00000001259dc000 	/Users/andrewbates11/Desktop/Personal Projects/Hive Boy/libraries/native/macosx/libjinput-osx.jnilib
0x00000001259e1000 	/System/Library/Extensions/IOHIDFamily.kext/Contents/PlugIns/IOHIDLib.plugin/Contents/MacOS/IOHIDLib
0x0000000126327000 	/Users/andrewbates11/Desktop/Personal Projects/Hive Boy/libraries/native/macosx/openal.dylib
0x00000001263ab000 	/System/Library/Components/CoreAudio.component/Contents/MacOS/CoreAudio
0x0000000126680000 	/System/Library/Extensions/AppleHDA.kext/Contents/PlugIns/AppleHDAHALPlugIn.bundle/Contents/MacOS/AppleHDAHALPlugIn

VM Arguments:
jvm_args: -Djava.library.path=/Users/andrewbates11/Desktop/Personal Projects/Hive Boy/libraries/native/macosx -Dfile.encoding=UTF-8 
java_command: Main.Start
java_class_path (initial): /Users/andrewbates11/Desktop/Personal Projects/Hive Boy/bin:/Users/andrewbates11/Desktop/Personal Projects/Hive Boy/libraries/slick.jar:/Users/andrewbates11/Desktop/Personal Projects/Hive Boy/libraries/jar/jinput.jar:/Users/andrewbates11/Desktop/Personal Projects/Hive Boy/libraries/jar/lwjgl_util.jar:/Users/andrewbates11/Desktop/Personal Projects/Hive Boy/libraries/jar/lwjgl.jar
Launcher Type: SUN_STANDARD

Environment Variables:
PATH=/usr/bin:/bin:/usr/sbin:/sbin
SHELL=/bin/bash

Signal Handlers:
SIGSEGV: [libjvm.dylib+0x579dc7], sa_mask[0]=11111111011111110111111111111111, sa_flags=SA_ONSTACK|SA_RESTART|SA_SIGINFO
SIGBUS: [libjvm.dylib+0x579dc7], sa_mask[0]=11111111011111110111111111111111, sa_flags=SA_RESTART|SA_SIGINFO
SIGFPE: [libjvm.dylib+0x45b030], sa_mask[0]=11111111011111110111111111111111, sa_flags=SA_RESTART|SA_SIGINFO
SIGPIPE: [libjvm.dylib+0x45b030], sa_mask[0]=11111111011111110111111111111111, sa_flags=SA_RESTART|SA_SIGINFO
SIGXFSZ: [libjvm.dylib+0x45b030], sa_mask[0]=11111111011111110111111111111111, sa_flags=SA_RESTART|SA_SIGINFO
SIGILL: [libjvm.dylib+0x45b030], sa_mask[0]=11111111011111110111111111111111, sa_flags=SA_RESTART|SA_SIGINFO
SIGUSR1: SIG_DFL, sa_mask[0]=00000000000000000000000000000000, sa_flags=none
SIGUSR2: [libjvm.dylib+0x45ab4e], sa_mask[0]=00100000000000000000000000000000, sa_flags=SA_RESTART|SA_SIGINFO
SIGHUP: [libjvm.dylib+0x459121], sa_mask[0]=11111111011111110111111111111111, sa_flags=SA_RESTART|SA_SIGINFO
SIGINT: [libjvm.dylib+0x459121], sa_mask[0]=11111111011111110111111111111111, sa_flags=SA_RESTART|SA_SIGINFO
SIGTERM: [libjvm.dylib+0x459121], sa_mask[0]=11111111011111110111111111111111, sa_flags=SA_RESTART|SA_SIGINFO
SIGQUIT: [libjvm.dylib+0x459121], sa_mask[0]=11111111011111110111111111111111, sa_flags=SA_RESTART|SA_SIGINFO


---------------  S Y S T E M  ---------------

OS:Bsduname:Darwin 14.0.0 Darwin Kernel Version 14.0.0: Fri Sep 19 00:26:44 PDT 2014; root:xnu-2782.1.97~2/RELEASE_X86_64 x86_64
rlimit: STACK 8192k, CORE 0k, NPROC 709, NOFILE 10240, AS infinity
load average:1.83 1.89 1.87

CPU:total 8 (4 cores per cpu, 2 threads per core) family 6 model 70 stepping 1, cmov, cx8, fxsr, mmx, sse, sse2, sse3, ssse3, sse4.1, sse4.2, popcnt, avx, avx2, aes, clmul, erms, lzcnt, ht, tsc, tscinvbit, bmi1, bmi2

Memory: 4k page, physical 16777216k(1343432k free)

/proc/meminfo:


vm_info: Java HotSpot(TM) 64-Bit Server VM (25.25-b02) for bsd-amd64 JRE (1.8.0_25-b17), built on Sep 17 2014 16:56:50 by "java_re" with gcc 4.2.1 (Based on Apple Inc. build 5658) (LLVM build 2336.11.00)

time: Sun Feb  8 13:11:46 2015
elapsed time: 19 seconds (0d 0h 0m 19s)

